2026-01-31 22:17:37,792 - ETL_Pipeline - INFO - __init__:174 - ======================================================================
2026-01-31 22:17:37,794 - ETL_Pipeline - INFO - __init__:175 - ETL PIPELINE INITIALIZED
2026-01-31 22:17:37,794 - ETL_Pipeline - INFO - __init__:176 - ======================================================================
2026-01-31 22:17:37,798 - ETL_Pipeline - ERROR - __enter__:26 - ✗ Database connection failed: (pymysql.err.OperationalError) (2003, "Can't connect to MySQL server on 'localhost' ([Errno 111] Connection refused)")
(Background on this error at: https://sqlalche.me/e/20/e3q8)
2026-01-31 22:17:37,799 - ETL_Pipeline - ERROR - run_full_pipeline:232 - ✗ Pipeline failed: (pymysql.err.OperationalError) (2003, "Can't connect to MySQL server on 'localhost' ([Errno 111] Connection refused)")
(Background on this error at: https://sqlalche.me/e/20/e3q8)
2026-01-31 22:19:06,709 - ETL_Pipeline - INFO - __init__:174 - ======================================================================
2026-01-31 22:19:06,710 - ETL_Pipeline - INFO - __init__:175 - ETL PIPELINE INITIALIZED
2026-01-31 22:19:06,711 - ETL_Pipeline - INFO - __init__:176 - ======================================================================
2026-01-31 22:19:06,715 - ETL_Pipeline - INFO - __enter__:23 - ✓ Connected to database: supply_chain_db
2026-01-31 22:19:06,716 - ETL_Pipeline - INFO - run_full_pipeline:196 - 
======================================================================
2026-01-31 22:19:06,717 - ETL_Pipeline - INFO - run_full_pipeline:197 - Processing table: suppliers
2026-01-31 22:19:06,718 - ETL_Pipeline - INFO - run_full_pipeline:198 - ======================================================================
2026-01-31 22:19:06,718 - ETL_Pipeline - INFO - extract_table:13 - Extracting data from table: suppliers
2026-01-31 22:19:06,804 - ETL_Pipeline - INFO - extract_table:24 - ✓ Extracted 30 rows from suppliers
2026-01-31 22:19:06,810 - ETL_Pipeline - INFO - clean_nulls:9 - Handling 0 null values using strategy: drop
2026-01-31 22:19:06,820 - ETL_Pipeline - INFO - remove_duplicates:32 - ✓ No duplicates found
2026-01-31 22:19:06,823 - ETL_Pipeline - INFO - standardize_dates:43 - ✓ Standardized date column: created_date
2026-01-31 22:19:06,824 - ETL_Pipeline - INFO - add_derived_columns:49 - Adding derived columns for suppliers
2026-01-31 22:19:06,825 - ETL_Pipeline - INFO - apply_business_rules:73 - Applying business rules for suppliers
2026-01-31 22:19:06,826 - ETL_Pipeline - INFO - validate_table:13 - === Validating data quality for: suppliers ===
2026-01-31 22:19:06,829 - ETL_Pipeline - INFO - validate_table:52 - ✓ Data quality validation PASSED for suppliers
2026-01-31 22:19:06,830 - ETL_Pipeline - INFO - run_full_pipeline:219 - ✓ Successfully processed suppliers
2026-01-31 22:19:06,831 - ETL_Pipeline - INFO - run_full_pipeline:196 - 
======================================================================
2026-01-31 22:19:06,833 - ETL_Pipeline - INFO - run_full_pipeline:197 - Processing table: products
2026-01-31 22:19:06,833 - ETL_Pipeline - INFO - run_full_pipeline:198 - ======================================================================
2026-01-31 22:19:06,834 - ETL_Pipeline - INFO - extract_table:13 - Extracting data from table: products
2026-01-31 22:19:06,840 - ETL_Pipeline - INFO - extract_table:24 - ✓ Extracted 46 rows from products
2026-01-31 22:19:06,842 - ETL_Pipeline - INFO - clean_nulls:9 - Handling 0 null values using strategy: drop
2026-01-31 22:19:06,844 - ETL_Pipeline - INFO - remove_duplicates:32 - ✓ No duplicates found
2026-01-31 22:19:06,845 - ETL_Pipeline - INFO - add_derived_columns:49 - Adding derived columns for products
2026-01-31 22:19:06,846 - ETL_Pipeline - INFO - apply_business_rules:73 - Applying business rules for products
2026-01-31 22:19:06,849 - ETL_Pipeline - INFO - validate_table:13 - === Validating data quality for: products ===
2026-01-31 22:19:06,852 - ETL_Pipeline - INFO - validate_table:52 - ✓ Data quality validation PASSED for products
2026-01-31 22:19:06,853 - ETL_Pipeline - INFO - run_full_pipeline:219 - ✓ Successfully processed products
2026-01-31 22:19:06,854 - ETL_Pipeline - INFO - run_full_pipeline:196 - 
======================================================================
2026-01-31 22:19:06,855 - ETL_Pipeline - INFO - run_full_pipeline:197 - Processing table: warehouses
2026-01-31 22:19:06,856 - ETL_Pipeline - INFO - run_full_pipeline:198 - ======================================================================
2026-01-31 22:19:06,857 - ETL_Pipeline - INFO - extract_table:13 - Extracting data from table: warehouses
2026-01-31 22:19:06,865 - ETL_Pipeline - INFO - extract_table:24 - ✓ Extracted 18 rows from warehouses
2026-01-31 22:19:06,866 - ETL_Pipeline - INFO - clean_nulls:9 - Handling 0 null values using strategy: drop
2026-01-31 22:19:06,868 - ETL_Pipeline - INFO - remove_duplicates:32 - ✓ No duplicates found
2026-01-31 22:19:06,869 - ETL_Pipeline - INFO - add_derived_columns:49 - Adding derived columns for warehouses
2026-01-31 22:19:06,870 - ETL_Pipeline - INFO - apply_business_rules:73 - Applying business rules for warehouses
2026-01-31 22:19:06,871 - ETL_Pipeline - INFO - validate_table:13 - === Validating data quality for: warehouses ===
2026-01-31 22:19:06,873 - ETL_Pipeline - INFO - validate_table:52 - ✓ Data quality validation PASSED for warehouses
2026-01-31 22:19:06,874 - ETL_Pipeline - INFO - run_full_pipeline:219 - ✓ Successfully processed warehouses
2026-01-31 22:19:06,875 - ETL_Pipeline - INFO - run_full_pipeline:196 - 
======================================================================
2026-01-31 22:19:06,875 - ETL_Pipeline - INFO - run_full_pipeline:197 - Processing table: inventory
2026-01-31 22:19:06,876 - ETL_Pipeline - INFO - run_full_pipeline:198 - ======================================================================
2026-01-31 22:19:06,876 - ETL_Pipeline - INFO - extract_table:13 - Extracting data from table: inventory
2026-01-31 22:19:06,883 - ETL_Pipeline - INFO - extract_table:24 - ✓ Extracted 263 rows from inventory
2026-01-31 22:19:06,884 - ETL_Pipeline - INFO - clean_nulls:9 - Handling 0 null values using strategy: drop
2026-01-31 22:19:06,886 - ETL_Pipeline - INFO - remove_duplicates:32 - ✓ No duplicates found
2026-01-31 22:19:06,891 - ETL_Pipeline - INFO - standardize_dates:43 - ✓ Standardized date column: snapshot_date
2026-01-31 22:19:06,892 - ETL_Pipeline - INFO - add_derived_columns:49 - Adding derived columns for inventory
2026-01-31 22:19:06,894 - ETL_Pipeline - INFO - add_derived_columns:54 - ✓ Added 'quantity_available' column
2026-01-31 22:19:06,894 - ETL_Pipeline - INFO - apply_business_rules:73 - Applying business rules for inventory
2026-01-31 22:19:06,895 - ETL_Pipeline - INFO - validate_table:13 - === Validating data quality for: inventory ===
2026-01-31 22:19:06,900 - ETL_Pipeline - INFO - validate_table:52 - ✓ Data quality validation PASSED for inventory
2026-01-31 22:19:06,901 - ETL_Pipeline - INFO - run_full_pipeline:219 - ✓ Successfully processed inventory
2026-01-31 22:19:06,902 - ETL_Pipeline - INFO - run_full_pipeline:196 - 
======================================================================
2026-01-31 22:19:06,902 - ETL_Pipeline - INFO - run_full_pipeline:197 - Processing table: orders
2026-01-31 22:19:06,903 - ETL_Pipeline - INFO - run_full_pipeline:198 - ======================================================================
2026-01-31 22:19:06,904 - ETL_Pipeline - INFO - extract_table:13 - Extracting data from table: orders
2026-01-31 22:19:06,910 - ETL_Pipeline - INFO - extract_table:24 - ✓ Extracted 67 rows from orders
2026-01-31 22:19:06,912 - ETL_Pipeline - INFO - clean_nulls:9 - Handling 31 null values using strategy: drop
2026-01-31 22:19:06,915 - ETL_Pipeline - INFO - remove_duplicates:32 - ✓ No duplicates found
2026-01-31 22:19:06,917 - ETL_Pipeline - INFO - standardize_dates:43 - ✓ Standardized date column: order_date
2026-01-31 22:19:06,918 - ETL_Pipeline - INFO - standardize_dates:43 - ✓ Standardized date column: expected_delivery_date
2026-01-31 22:19:06,919 - ETL_Pipeline - INFO - standardize_dates:43 - ✓ Standardized date column: actual_delivery_date
2026-01-31 22:19:06,920 - ETL_Pipeline - INFO - add_derived_columns:49 - Adding derived columns for orders
2026-01-31 22:19:06,923 - ETL_Pipeline - INFO - add_derived_columns:63 - ✓ Added delivery metrics columns
2026-01-31 22:19:06,924 - ETL_Pipeline - INFO - apply_business_rules:73 - Applying business rules for orders
2026-01-31 22:19:06,926 - ETL_Pipeline - INFO - validate_table:13 - === Validating data quality for: orders ===
2026-01-31 22:19:06,929 - ETL_Pipeline - INFO - validate_table:52 - ✓ Data quality validation PASSED for orders
2026-01-31 22:19:06,930 - ETL_Pipeline - INFO - run_full_pipeline:219 - ✓ Successfully processed orders
2026-01-31 22:19:06,930 - ETL_Pipeline - INFO - run_full_pipeline:196 - 
======================================================================
2026-01-31 22:19:06,931 - ETL_Pipeline - INFO - run_full_pipeline:197 - Processing table: sales
2026-01-31 22:19:06,932 - ETL_Pipeline - INFO - run_full_pipeline:198 - ======================================================================
2026-01-31 22:19:06,932 - ETL_Pipeline - INFO - extract_table:13 - Extracting data from table: sales
2026-01-31 22:19:06,938 - ETL_Pipeline - INFO - extract_table:24 - ✓ Extracted 166 rows from sales
2026-01-31 22:19:06,940 - ETL_Pipeline - INFO - clean_nulls:9 - Handling 0 null values using strategy: drop
2026-01-31 22:19:06,941 - ETL_Pipeline - INFO - remove_duplicates:32 - ✓ No duplicates found
2026-01-31 22:19:06,943 - ETL_Pipeline - INFO - standardize_dates:43 - ✓ Standardized date column: sale_date
2026-01-31 22:19:06,943 - ETL_Pipeline - INFO - add_derived_columns:49 - Adding derived columns for sales
2026-01-31 22:19:06,944 - ETL_Pipeline - INFO - add_derived_columns:68 - ✓ Added 'unit_price' column
2026-01-31 22:19:06,945 - ETL_Pipeline - INFO - apply_business_rules:73 - Applying business rules for sales
2026-01-31 22:19:06,946 - ETL_Pipeline - INFO - validate_table:13 - === Validating data quality for: sales ===
2026-01-31 22:19:06,949 - ETL_Pipeline - INFO - validate_table:52 - ✓ Data quality validation PASSED for sales
2026-01-31 22:19:06,950 - ETL_Pipeline - INFO - run_full_pipeline:219 - ✓ Successfully processed sales
2026-01-31 22:19:06,951 - ETL_Pipeline - INFO - run_full_pipeline:196 - 
======================================================================
2026-01-31 22:19:06,952 - ETL_Pipeline - INFO - run_full_pipeline:197 - Processing table: price_history
2026-01-31 22:19:06,952 - ETL_Pipeline - INFO - run_full_pipeline:198 - ======================================================================
2026-01-31 22:19:06,953 - ETL_Pipeline - INFO - extract_table:13 - Extracting data from table: price_history
2026-01-31 22:19:06,958 - ETL_Pipeline - INFO - extract_table:24 - ✓ Extracted 110 rows from price_history
2026-01-31 22:19:06,960 - ETL_Pipeline - INFO - clean_nulls:9 - Handling 0 null values using strategy: drop
2026-01-31 22:19:06,961 - ETL_Pipeline - INFO - remove_duplicates:32 - ✓ No duplicates found
2026-01-31 22:19:06,962 - ETL_Pipeline - INFO - standardize_dates:43 - ✓ Standardized date column: effective_date
2026-01-31 22:19:06,963 - ETL_Pipeline - INFO - add_derived_columns:49 - Adding derived columns for price_history
2026-01-31 22:19:06,964 - ETL_Pipeline - INFO - apply_business_rules:73 - Applying business rules for price_history
2026-01-31 22:19:06,964 - ETL_Pipeline - INFO - validate_table:13 - === Validating data quality for: price_history ===
2026-01-31 22:19:06,968 - ETL_Pipeline - INFO - validate_table:52 - ✓ Data quality validation PASSED for price_history
2026-01-31 22:19:06,969 - ETL_Pipeline - INFO - run_full_pipeline:219 - ✓ Successfully processed price_history
2026-01-31 22:19:06,970 - ETL_Pipeline - INFO - run_full_pipeline:228 - 
======================================================================
2026-01-31 22:19:06,971 - ETL_Pipeline - INFO - run_full_pipeline:229 - ETL PIPELINE COMPLETED
2026-01-31 22:19:06,972 - ETL_Pipeline - INFO - run_full_pipeline:230 - ======================================================================
2026-01-31 22:19:06,973 - ETL_Pipeline - INFO - __exit__:32 - ✓ Database connection closed
2026-01-31 22:38:43,035 - ETL_Pipeline - INFO - __init__:174 - ======================================================================
2026-01-31 22:38:43,036 - ETL_Pipeline - INFO - __init__:175 - ETL PIPELINE INITIALIZED
2026-01-31 22:38:43,037 - ETL_Pipeline - INFO - __init__:176 - ======================================================================
2026-01-31 22:38:43,047 - ETL_Pipeline - INFO - __enter__:23 - ✓ Connected to database: supply_chain_db
2026-01-31 22:38:43,049 - ETL_Pipeline - INFO - run_full_pipeline:196 - 
======================================================================
2026-01-31 22:38:43,050 - ETL_Pipeline - INFO - run_full_pipeline:197 - Processing table: suppliers
2026-01-31 22:38:43,051 - ETL_Pipeline - INFO - run_full_pipeline:198 - ======================================================================
2026-01-31 22:38:43,051 - ETL_Pipeline - INFO - extract_table:13 - Extracting data from table: suppliers
2026-01-31 22:38:43,065 - ETL_Pipeline - INFO - extract_table:24 - ✓ Extracted 30 rows from suppliers
2026-01-31 22:38:43,070 - ETL_Pipeline - INFO - remove_duplicates:32 - ✓ No duplicates found
2026-01-31 22:38:43,073 - ETL_Pipeline - INFO - standardize_dates:43 - ✓ Standardized date column: created_date
2026-01-31 22:38:43,074 - ETL_Pipeline - INFO - add_derived_columns:49 - Adding derived columns for suppliers
2026-01-31 22:38:43,075 - ETL_Pipeline - INFO - apply_business_rules:73 - Applying business rules for suppliers
2026-01-31 22:38:43,076 - ETL_Pipeline - INFO - validate_table:13 - === Validating data quality for: suppliers ===
2026-01-31 22:38:43,079 - ETL_Pipeline - INFO - validate_table:52 - ✓ Data quality validation PASSED for suppliers
2026-01-31 22:38:43,080 - ETL_Pipeline - INFO - run_full_pipeline:219 - ✓ Successfully processed suppliers
2026-01-31 22:38:43,081 - ETL_Pipeline - INFO - run_full_pipeline:196 - 
======================================================================
2026-01-31 22:38:43,081 - ETL_Pipeline - INFO - run_full_pipeline:197 - Processing table: products
2026-01-31 22:38:43,082 - ETL_Pipeline - INFO - run_full_pipeline:198 - ======================================================================
2026-01-31 22:38:43,083 - ETL_Pipeline - INFO - extract_table:13 - Extracting data from table: products
2026-01-31 22:38:43,089 - ETL_Pipeline - INFO - extract_table:24 - ✓ Extracted 46 rows from products
2026-01-31 22:38:43,091 - ETL_Pipeline - INFO - remove_duplicates:32 - ✓ No duplicates found
2026-01-31 22:38:43,092 - ETL_Pipeline - INFO - add_derived_columns:49 - Adding derived columns for products
2026-01-31 22:38:43,093 - ETL_Pipeline - INFO - apply_business_rules:73 - Applying business rules for products
2026-01-31 22:38:43,095 - ETL_Pipeline - INFO - validate_table:13 - === Validating data quality for: products ===
2026-01-31 22:38:43,098 - ETL_Pipeline - INFO - validate_table:52 - ✓ Data quality validation PASSED for products
2026-01-31 22:38:43,098 - ETL_Pipeline - INFO - run_full_pipeline:219 - ✓ Successfully processed products
2026-01-31 22:38:43,099 - ETL_Pipeline - INFO - run_full_pipeline:196 - 
======================================================================
2026-01-31 22:38:43,100 - ETL_Pipeline - INFO - run_full_pipeline:197 - Processing table: warehouses
2026-01-31 22:38:43,100 - ETL_Pipeline - INFO - run_full_pipeline:198 - ======================================================================
2026-01-31 22:38:43,101 - ETL_Pipeline - INFO - extract_table:13 - Extracting data from table: warehouses
2026-01-31 22:38:43,105 - ETL_Pipeline - INFO - extract_table:24 - ✓ Extracted 18 rows from warehouses
2026-01-31 22:38:43,107 - ETL_Pipeline - INFO - remove_duplicates:32 - ✓ No duplicates found
2026-01-31 22:38:43,108 - ETL_Pipeline - INFO - add_derived_columns:49 - Adding derived columns for warehouses
2026-01-31 22:38:43,108 - ETL_Pipeline - INFO - apply_business_rules:73 - Applying business rules for warehouses
2026-01-31 22:38:43,109 - ETL_Pipeline - INFO - validate_table:13 - === Validating data quality for: warehouses ===
2026-01-31 22:38:43,110 - ETL_Pipeline - INFO - validate_table:52 - ✓ Data quality validation PASSED for warehouses
2026-01-31 22:38:43,111 - ETL_Pipeline - INFO - run_full_pipeline:219 - ✓ Successfully processed warehouses
2026-01-31 22:38:43,112 - ETL_Pipeline - INFO - run_full_pipeline:196 - 
======================================================================
2026-01-31 22:38:43,112 - ETL_Pipeline - INFO - run_full_pipeline:197 - Processing table: inventory
2026-01-31 22:38:43,113 - ETL_Pipeline - INFO - run_full_pipeline:198 - ======================================================================
2026-01-31 22:38:43,113 - ETL_Pipeline - INFO - extract_table:13 - Extracting data from table: inventory
2026-01-31 22:38:43,121 - ETL_Pipeline - INFO - extract_table:24 - ✓ Extracted 263 rows from inventory
2026-01-31 22:38:43,123 - ETL_Pipeline - INFO - remove_duplicates:32 - ✓ No duplicates found
2026-01-31 22:38:43,125 - ETL_Pipeline - INFO - standardize_dates:43 - ✓ Standardized date column: snapshot_date
2026-01-31 22:38:43,126 - ETL_Pipeline - INFO - add_derived_columns:49 - Adding derived columns for inventory
2026-01-31 22:38:43,127 - ETL_Pipeline - INFO - add_derived_columns:54 - ✓ Added 'quantity_available' column
2026-01-31 22:38:43,128 - ETL_Pipeline - INFO - apply_business_rules:73 - Applying business rules for inventory
2026-01-31 22:38:43,129 - ETL_Pipeline - INFO - validate_table:13 - === Validating data quality for: inventory ===
2026-01-31 22:38:43,134 - ETL_Pipeline - INFO - validate_table:52 - ✓ Data quality validation PASSED for inventory
2026-01-31 22:38:43,135 - ETL_Pipeline - INFO - run_full_pipeline:219 - ✓ Successfully processed inventory
2026-01-31 22:38:43,136 - ETL_Pipeline - INFO - run_full_pipeline:196 - 
======================================================================
2026-01-31 22:38:43,136 - ETL_Pipeline - INFO - run_full_pipeline:197 - Processing table: orders
2026-01-31 22:38:43,137 - ETL_Pipeline - INFO - run_full_pipeline:198 - ======================================================================
2026-01-31 22:38:43,137 - ETL_Pipeline - INFO - extract_table:13 - Extracting data from table: orders
2026-01-31 22:38:43,142 - ETL_Pipeline - INFO - extract_table:24 - ✓ Extracted 67 rows from orders
2026-01-31 22:38:43,144 - ETL_Pipeline - INFO - remove_duplicates:32 - ✓ No duplicates found
2026-01-31 22:38:43,146 - ETL_Pipeline - INFO - standardize_dates:43 - ✓ Standardized date column: order_date
2026-01-31 22:38:43,147 - ETL_Pipeline - INFO - standardize_dates:43 - ✓ Standardized date column: expected_delivery_date
2026-01-31 22:38:43,148 - ETL_Pipeline - INFO - standardize_dates:43 - ✓ Standardized date column: actual_delivery_date
2026-01-31 22:38:43,149 - ETL_Pipeline - INFO - add_derived_columns:49 - Adding derived columns for orders
2026-01-31 22:38:43,153 - ETL_Pipeline - INFO - add_derived_columns:63 - ✓ Added delivery metrics columns
2026-01-31 22:38:43,154 - ETL_Pipeline - INFO - apply_business_rules:73 - Applying business rules for orders
2026-01-31 22:38:43,156 - ETL_Pipeline - INFO - validate_table:13 - === Validating data quality for: orders ===
2026-01-31 22:38:43,158 - ETL_Pipeline - WARNING - validate_table:32 - ⚠ High null count in 'actual_delivery_date': 31 (46.3%)
2026-01-31 22:38:43,158 - ETL_Pipeline - WARNING - validate_table:32 - ⚠ High null count in 'delivery_delay_days': 31 (46.3%)
2026-01-31 22:38:43,162 - ETL_Pipeline - ERROR - validate_table:54 - ✗ Data quality validation FAILED for orders
2026-01-31 22:38:43,162 - ETL_Pipeline - WARNING - run_full_pipeline:214 - ⚠ Quality validation failed for orders, skipping load
2026-01-31 22:38:43,163 - ETL_Pipeline - INFO - run_full_pipeline:196 - 
======================================================================
2026-01-31 22:38:43,164 - ETL_Pipeline - INFO - run_full_pipeline:197 - Processing table: sales
2026-01-31 22:38:43,165 - ETL_Pipeline - INFO - run_full_pipeline:198 - ======================================================================
2026-01-31 22:38:43,165 - ETL_Pipeline - INFO - extract_table:13 - Extracting data from table: sales
2026-01-31 22:38:43,170 - ETL_Pipeline - INFO - extract_table:24 - ✓ Extracted 166 rows from sales
2026-01-31 22:38:43,172 - ETL_Pipeline - INFO - remove_duplicates:32 - ✓ No duplicates found
2026-01-31 22:38:43,173 - ETL_Pipeline - INFO - standardize_dates:43 - ✓ Standardized date column: sale_date
2026-01-31 22:38:43,174 - ETL_Pipeline - INFO - add_derived_columns:49 - Adding derived columns for sales
2026-01-31 22:38:43,175 - ETL_Pipeline - INFO - add_derived_columns:68 - ✓ Added 'unit_price' column
2026-01-31 22:38:43,176 - ETL_Pipeline - INFO - apply_business_rules:73 - Applying business rules for sales
2026-01-31 22:38:43,177 - ETL_Pipeline - INFO - validate_table:13 - === Validating data quality for: sales ===
2026-01-31 22:38:43,181 - ETL_Pipeline - INFO - validate_table:52 - ✓ Data quality validation PASSED for sales
2026-01-31 22:38:43,182 - ETL_Pipeline - INFO - run_full_pipeline:219 - ✓ Successfully processed sales
2026-01-31 22:38:43,182 - ETL_Pipeline - INFO - run_full_pipeline:196 - 
======================================================================
2026-01-31 22:38:43,184 - ETL_Pipeline - INFO - run_full_pipeline:197 - Processing table: price_history
2026-01-31 22:38:43,184 - ETL_Pipeline - INFO - run_full_pipeline:198 - ======================================================================
2026-01-31 22:38:43,185 - ETL_Pipeline - INFO - extract_table:13 - Extracting data from table: price_history
2026-01-31 22:38:43,190 - ETL_Pipeline - INFO - extract_table:24 - ✓ Extracted 110 rows from price_history
2026-01-31 22:38:43,192 - ETL_Pipeline - INFO - remove_duplicates:32 - ✓ No duplicates found
2026-01-31 22:38:43,194 - ETL_Pipeline - INFO - standardize_dates:43 - ✓ Standardized date column: effective_date
2026-01-31 22:38:43,194 - ETL_Pipeline - INFO - add_derived_columns:49 - Adding derived columns for price_history
2026-01-31 22:38:43,195 - ETL_Pipeline - INFO - apply_business_rules:73 - Applying business rules for price_history
2026-01-31 22:38:43,196 - ETL_Pipeline - INFO - validate_table:13 - === Validating data quality for: price_history ===
2026-01-31 22:38:43,201 - ETL_Pipeline - INFO - validate_table:52 - ✓ Data quality validation PASSED for price_history
2026-01-31 22:38:43,202 - ETL_Pipeline - INFO - run_full_pipeline:219 - ✓ Successfully processed price_history
2026-01-31 22:38:43,203 - ETL_Pipeline - INFO - run_full_pipeline:228 - 
======================================================================
2026-01-31 22:38:43,204 - ETL_Pipeline - INFO - run_full_pipeline:229 - ETL PIPELINE COMPLETED
2026-01-31 22:38:43,205 - ETL_Pipeline - INFO - run_full_pipeline:230 - ======================================================================
2026-01-31 22:38:43,206 - ETL_Pipeline - INFO - __exit__:32 - ✓ Database connection closed
2026-01-31 22:45:36,696 - ETL_Pipeline - INFO - __init__:174 - ======================================================================
2026-01-31 22:45:36,698 - ETL_Pipeline - INFO - __init__:175 - ETL PIPELINE INITIALIZED
2026-01-31 22:45:36,699 - ETL_Pipeline - INFO - __init__:176 - ======================================================================
2026-01-31 22:45:36,708 - ETL_Pipeline - INFO - __enter__:23 - ✓ Connected to database: supply_chain_db
2026-01-31 22:45:36,709 - ETL_Pipeline - INFO - run_full_pipeline:196 - 
======================================================================
2026-01-31 22:45:36,710 - ETL_Pipeline - INFO - run_full_pipeline:197 - Processing table: suppliers
2026-01-31 22:45:36,711 - ETL_Pipeline - INFO - run_full_pipeline:198 - ======================================================================
2026-01-31 22:45:36,712 - ETL_Pipeline - INFO - extract_table:13 - Extracting data from table: suppliers
2026-01-31 22:45:36,720 - ETL_Pipeline - INFO - extract_table:24 - ✓ Extracted 30 rows from suppliers
2026-01-31 22:45:36,725 - ETL_Pipeline - INFO - remove_duplicates:32 - ✓ No duplicates found
2026-01-31 22:45:36,727 - ETL_Pipeline - INFO - standardize_dates:43 - ✓ Standardized date column: created_date
2026-01-31 22:45:36,728 - ETL_Pipeline - INFO - add_derived_columns:49 - Adding derived columns for suppliers
2026-01-31 22:45:36,728 - ETL_Pipeline - INFO - apply_business_rules:73 - Applying business rules for suppliers
2026-01-31 22:45:36,729 - ETL_Pipeline - INFO - validate_table:13 - === Validating data quality for: suppliers ===
2026-01-31 22:45:36,732 - ETL_Pipeline - INFO - validate_table:52 - ✓ Data quality validation PASSED for suppliers
2026-01-31 22:45:36,733 - ETL_Pipeline - INFO - run_full_pipeline:219 - ✓ Successfully processed suppliers
2026-01-31 22:45:36,734 - ETL_Pipeline - INFO - run_full_pipeline:196 - 
======================================================================
2026-01-31 22:45:36,734 - ETL_Pipeline - INFO - run_full_pipeline:197 - Processing table: products
2026-01-31 22:45:36,735 - ETL_Pipeline - INFO - run_full_pipeline:198 - ======================================================================
2026-01-31 22:45:36,736 - ETL_Pipeline - INFO - extract_table:13 - Extracting data from table: products
2026-01-31 22:45:36,741 - ETL_Pipeline - INFO - extract_table:24 - ✓ Extracted 46 rows from products
2026-01-31 22:45:36,742 - ETL_Pipeline - INFO - remove_duplicates:32 - ✓ No duplicates found
2026-01-31 22:45:36,743 - ETL_Pipeline - INFO - add_derived_columns:49 - Adding derived columns for products
2026-01-31 22:45:36,744 - ETL_Pipeline - INFO - apply_business_rules:73 - Applying business rules for products
2026-01-31 22:45:36,746 - ETL_Pipeline - INFO - validate_table:13 - === Validating data quality for: products ===
2026-01-31 22:45:36,751 - ETL_Pipeline - INFO - validate_table:52 - ✓ Data quality validation PASSED for products
2026-01-31 22:45:36,752 - ETL_Pipeline - INFO - run_full_pipeline:219 - ✓ Successfully processed products
2026-01-31 22:45:36,752 - ETL_Pipeline - INFO - run_full_pipeline:196 - 
======================================================================
2026-01-31 22:45:36,753 - ETL_Pipeline - INFO - run_full_pipeline:197 - Processing table: warehouses
2026-01-31 22:45:36,754 - ETL_Pipeline - INFO - run_full_pipeline:198 - ======================================================================
2026-01-31 22:45:36,755 - ETL_Pipeline - INFO - extract_table:13 - Extracting data from table: warehouses
2026-01-31 22:45:36,759 - ETL_Pipeline - INFO - extract_table:24 - ✓ Extracted 18 rows from warehouses
2026-01-31 22:45:36,760 - ETL_Pipeline - INFO - remove_duplicates:32 - ✓ No duplicates found
2026-01-31 22:45:36,761 - ETL_Pipeline - INFO - add_derived_columns:49 - Adding derived columns for warehouses
2026-01-31 22:45:36,762 - ETL_Pipeline - INFO - apply_business_rules:73 - Applying business rules for warehouses
2026-01-31 22:45:36,762 - ETL_Pipeline - INFO - validate_table:13 - === Validating data quality for: warehouses ===
2026-01-31 22:45:36,764 - ETL_Pipeline - INFO - validate_table:52 - ✓ Data quality validation PASSED for warehouses
2026-01-31 22:45:36,765 - ETL_Pipeline - INFO - run_full_pipeline:219 - ✓ Successfully processed warehouses
2026-01-31 22:45:36,765 - ETL_Pipeline - INFO - run_full_pipeline:196 - 
======================================================================
2026-01-31 22:45:36,766 - ETL_Pipeline - INFO - run_full_pipeline:197 - Processing table: inventory
2026-01-31 22:45:36,767 - ETL_Pipeline - INFO - run_full_pipeline:198 - ======================================================================
2026-01-31 22:45:36,767 - ETL_Pipeline - INFO - extract_table:13 - Extracting data from table: inventory
2026-01-31 22:45:36,775 - ETL_Pipeline - INFO - extract_table:24 - ✓ Extracted 263 rows from inventory
2026-01-31 22:45:36,776 - ETL_Pipeline - INFO - remove_duplicates:32 - ✓ No duplicates found
2026-01-31 22:45:36,782 - ETL_Pipeline - INFO - standardize_dates:43 - ✓ Standardized date column: snapshot_date
2026-01-31 22:45:36,784 - ETL_Pipeline - INFO - add_derived_columns:49 - Adding derived columns for inventory
2026-01-31 22:45:36,785 - ETL_Pipeline - INFO - add_derived_columns:54 - ✓ Added 'quantity_available' column
2026-01-31 22:45:36,786 - ETL_Pipeline - INFO - apply_business_rules:73 - Applying business rules for inventory
2026-01-31 22:45:36,787 - ETL_Pipeline - INFO - validate_table:13 - === Validating data quality for: inventory ===
2026-01-31 22:45:36,791 - ETL_Pipeline - INFO - validate_table:52 - ✓ Data quality validation PASSED for inventory
2026-01-31 22:45:36,792 - ETL_Pipeline - INFO - run_full_pipeline:219 - ✓ Successfully processed inventory
2026-01-31 22:45:36,793 - ETL_Pipeline - INFO - run_full_pipeline:196 - 
======================================================================
2026-01-31 22:45:36,793 - ETL_Pipeline - INFO - run_full_pipeline:197 - Processing table: orders
2026-01-31 22:45:36,794 - ETL_Pipeline - INFO - run_full_pipeline:198 - ======================================================================
2026-01-31 22:45:36,795 - ETL_Pipeline - INFO - extract_table:13 - Extracting data from table: orders
2026-01-31 22:45:36,799 - ETL_Pipeline - INFO - extract_table:24 - ✓ Extracted 67 rows from orders
2026-01-31 22:45:36,801 - ETL_Pipeline - INFO - remove_duplicates:32 - ✓ No duplicates found
2026-01-31 22:45:36,802 - ETL_Pipeline - INFO - standardize_dates:43 - ✓ Standardized date column: order_date
2026-01-31 22:45:36,803 - ETL_Pipeline - INFO - standardize_dates:43 - ✓ Standardized date column: expected_delivery_date
2026-01-31 22:45:36,805 - ETL_Pipeline - INFO - standardize_dates:43 - ✓ Standardized date column: actual_delivery_date
2026-01-31 22:45:36,806 - ETL_Pipeline - INFO - add_derived_columns:49 - Adding derived columns for orders
2026-01-31 22:45:36,810 - ETL_Pipeline - INFO - add_derived_columns:63 - ✓ Added delivery metrics columns
2026-01-31 22:45:36,811 - ETL_Pipeline - INFO - apply_business_rules:73 - Applying business rules for orders
2026-01-31 22:45:36,813 - ETL_Pipeline - INFO - validate_table:13 - === Validating data quality for: orders ===
2026-01-31 22:45:36,815 - ETL_Pipeline - WARNING - validate_table:32 - ⚠ High null count in 'actual_delivery_date': 31 (46.3%)
2026-01-31 22:45:36,816 - ETL_Pipeline - WARNING - validate_table:32 - ⚠ High null count in 'delivery_delay_days': 31 (46.3%)
2026-01-31 22:45:36,819 - ETL_Pipeline - ERROR - validate_table:54 - ✗ Data quality validation FAILED for orders
2026-01-31 22:45:36,820 - ETL_Pipeline - WARNING - run_full_pipeline:214 - ⚠ Quality validation failed for orders, skipping load
2026-01-31 22:45:36,820 - ETL_Pipeline - INFO - run_full_pipeline:196 - 
======================================================================
2026-01-31 22:45:36,821 - ETL_Pipeline - INFO - run_full_pipeline:197 - Processing table: sales
2026-01-31 22:45:36,822 - ETL_Pipeline - INFO - run_full_pipeline:198 - ======================================================================
2026-01-31 22:45:36,822 - ETL_Pipeline - INFO - extract_table:13 - Extracting data from table: sales
2026-01-31 22:45:36,828 - ETL_Pipeline - INFO - extract_table:24 - ✓ Extracted 166 rows from sales
2026-01-31 22:45:36,829 - ETL_Pipeline - INFO - remove_duplicates:32 - ✓ No duplicates found
2026-01-31 22:45:36,831 - ETL_Pipeline - INFO - standardize_dates:43 - ✓ Standardized date column: sale_date
2026-01-31 22:45:36,832 - ETL_Pipeline - INFO - add_derived_columns:49 - Adding derived columns for sales
2026-01-31 22:45:36,833 - ETL_Pipeline - INFO - add_derived_columns:68 - ✓ Added 'unit_price' column
2026-01-31 22:45:36,834 - ETL_Pipeline - INFO - apply_business_rules:73 - Applying business rules for sales
2026-01-31 22:45:36,835 - ETL_Pipeline - INFO - validate_table:13 - === Validating data quality for: sales ===
2026-01-31 22:45:36,839 - ETL_Pipeline - INFO - validate_table:52 - ✓ Data quality validation PASSED for sales
2026-01-31 22:45:36,840 - ETL_Pipeline - INFO - run_full_pipeline:219 - ✓ Successfully processed sales
2026-01-31 22:45:36,841 - ETL_Pipeline - INFO - run_full_pipeline:196 - 
======================================================================
2026-01-31 22:45:36,842 - ETL_Pipeline - INFO - run_full_pipeline:197 - Processing table: price_history
2026-01-31 22:45:36,843 - ETL_Pipeline - INFO - run_full_pipeline:198 - ======================================================================
2026-01-31 22:45:36,844 - ETL_Pipeline - INFO - extract_table:13 - Extracting data from table: price_history
2026-01-31 22:45:36,849 - ETL_Pipeline - INFO - extract_table:24 - ✓ Extracted 110 rows from price_history
2026-01-31 22:45:36,850 - ETL_Pipeline - INFO - remove_duplicates:32 - ✓ No duplicates found
2026-01-31 22:45:36,851 - ETL_Pipeline - INFO - standardize_dates:43 - ✓ Standardized date column: effective_date
2026-01-31 22:45:36,852 - ETL_Pipeline - INFO - add_derived_columns:49 - Adding derived columns for price_history
2026-01-31 22:45:36,853 - ETL_Pipeline - INFO - apply_business_rules:73 - Applying business rules for price_history
2026-01-31 22:45:36,853 - ETL_Pipeline - INFO - validate_table:13 - === Validating data quality for: price_history ===
2026-01-31 22:45:36,858 - ETL_Pipeline - INFO - validate_table:52 - ✓ Data quality validation PASSED for price_history
2026-01-31 22:45:36,858 - ETL_Pipeline - INFO - run_full_pipeline:219 - ✓ Successfully processed price_history
2026-01-31 22:45:36,860 - ETL_Pipeline - INFO - run_full_pipeline:228 - 
======================================================================
2026-01-31 22:45:36,860 - ETL_Pipeline - INFO - run_full_pipeline:229 - ETL PIPELINE COMPLETED
2026-01-31 22:45:36,861 - ETL_Pipeline - INFO - run_full_pipeline:230 - ======================================================================
2026-01-31 22:45:36,862 - ETL_Pipeline - INFO - __exit__:32 - ✓ Database connection closed
